[debug] [2020-10-23T06:52:06.598Z] ----------------------------------------------------------------------
[debug] [2020-10-23T06:52:06.600Z] Command:       C:\Program Files\nodejs\node.exe C:\Users\user\AppData\Roaming\npm\node_modules\firebase-tools\lib\bin\firebase.js init
[debug] [2020-10-23T06:52:06.600Z] CLI Version:   8.13.1
[debug] [2020-10-23T06:52:06.600Z] Platform:      win32
[debug] [2020-10-23T06:52:06.600Z] Node Version:  v12.18.2
[debug] [2020-10-23T06:52:06.601Z] Time:          Fri Oct 23 2020 13:52:06 GMT+0700 (GMT+07:00)
[debug] [2020-10-23T06:52:06.602Z] ----------------------------------------------------------------------
[debug] [2020-10-23T06:52:06.602Z] 
[debug] [2020-10-23T06:52:06.607Z] > command requires scopes: ["email","openid","https://www.googleapis.com/auth/cloudplatformprojects.readonly","https://www.googleapis.com/auth/firebase","https://www.googleapis.com/auth/cloud-platform"]
[debug] [2020-10-23T06:52:06.608Z] > authorizing via signed-in user
[info] 
     ######## #### ########  ######## ########     ###     ######  ########
     ##        ##  ##     ## ##       ##     ##  ##   ##  ##       ##
     ######    ##  ########  ######   ########  #########  ######  ######
     ##        ##  ##    ##  ##       ##     ## ##     ##       ## ##
     ##       #### ##     ## ######## ########  ##     ##  ######  ########

You're about to initialize a Firebase project in this directory:

  D:\hactiv8\New folder\e-commerce\client

Before we get started, keep in mind:

  * You are initializing in an existing Firebase project directory

[info] 
=== Project Setup
[info] 
[info] First, let's associate this project directory with a Firebase project.
[info] You can create multiple project aliases by running firebase use --add, 
[info] but for now we'll just set up a default project.
[info] 
[info] i  .firebaserc already has a default project, using zamban-84909. 
[debug] [2020-10-23T06:52:12.058Z] >>> HTTP REQUEST GET https://firebase.googleapis.com/v1beta1/projects/zamban-84909  
 
[debug] [2020-10-23T06:52:12.392Z] <<< HTTP RESPONSE 200 {"content-type":"application/json; charset=UTF-8","vary":"X-Origin, Referer, Origin,Accept-Encoding","date":"Fri, 23 Oct 2020 06:52:15 GMT","server":"ESF","cache-control":"private","x-xss-protection":"0","x-frame-options":"SAMEORIGIN","x-content-type-options":"nosniff","alt-svc":"h3-Q050=\":443\"; ma=2592000,h3-29=\":443\"; ma=2592000,h3-T051=\":443\"; ma=2592000,h3-T050=\":443\"; ma=2592000,h3-Q046=\":443\"; ma=2592000,h3-Q043=\":443\"; ma=2592000,quic=\":443\"; ma=2592000; v=\"46,43\"","accept-ranges":"none","transfer-encoding":"chunked"}
[info] 
=== Hosting Setup
[info] 
[info] Your public directory is the folder (relative to your project directory) that
[info] will contain Hosting assets to be uploaded with firebase deploy. If you
[info] have a build process for your assets, use your build's output directory.
[info] 
[info] +  Wrote dist/404.html 
[debug] [2020-10-23T06:52:27.630Z] >>> HTTP REQUEST GET https://www.gstatic.com/firebasejs/releases.json  
 
[debug] [2020-10-23T06:52:27.698Z] <<< HTTP RESPONSE 200 {"accept-ranges":"bytes","vary":"Accept-Encoding, Origin","content-type":"application/json","content-length":"1429","date":"Fri, 23 Oct 2020 06:29:37 GMT","expires":"Fri, 23 Oct 2020 07:19:37 GMT","last-modified":"Thu, 15 Oct 2020 21:32:42 GMT","x-content-type-options":"nosniff","server":"sffe","x-xss-protection":"0","cache-control":"public, max-age=3000","age":"1373","alt-svc":"h3-Q050=\":443\"; ma=2592000,h3-29=\":443\"; ma=2592000,h3-27=\":443\"; ma=2592000,h3-T051=\":443\"; ma=2592000,h3-T050=\":443\"; ma=2592000,h3-Q046=\":443\"; ma=2592000,h3-Q043=\":443\"; ma=2592000,quic=\":443\"; ma=2592000; v=\"46,43\""}
[info] i  Skipping write of dist/index.html 
[info] 
[info] i  Detected a .git folder at D:\hactiv8\New folder\e-commerce 
[info] i  Authorizing with GitHub to upload your service account to a GitHub repository's secrets store. 
[info] 
[info] Visit this URL on this device to log in:
[info] https://github.com/login/oauth/authorize?client_id=89cf50f02ac6aaed3484&state=381284698&redirect_uri=http%3A%2F%2Flocalhost%3A9005&scope=read%3Auser%20repo%20public_repo
[info] 
[info] Waiting for authentication...
